{"/Users/usuario/Documents/projects/dojo/src/Dojo.js": {"path":"/Users/usuario/Documents/projects/dojo/src/Dojo.js","statementMap":{"0":{"start":{"line":3,"column":4},"end":{"line":3,"column":15}}},"fnMap":{"0":{"name":"(anonymous_0)","decl":{"start":{"line":2,"column":2},"end":{"line":2,"column":3}},"loc":{"start":{"line":2,"column":10},"end":{"line":4,"column":3}},"line":2}},"branchMap":{},"s":{"0":1},"f":{"0":1},"b":{},"_coverageSchema":"1a1c01bbd47fc00a2c39e90264f33305004495a9","hash":"070f4187ee8f1b4c8a934a1f161df6187ca9fbcd"}
}
